Classic Timing Analyzer report for Block1
Tue Dec 12 10:50:24 2017
Quartus II Version 8.1 Build 163 10/28/2008 SJ Web Edition


---------------------
; Table of Contents ;
---------------------
  1. Legal Notice
  2. Timing Analyzer Summary
  3. Timing Analyzer Settings
  4. Clock Settings Summary
  5. Clock Setup: 'S'
  6. tsu
  7. tco
  8. th
  9. Timing Analyzer Messages



----------------
; Legal Notice ;
----------------
Copyright (C) 1991-2008 Altera Corporation
Your use of Altera Corporation's design tools, logic functions 
and other software and tools, and its AMPP partner logic 
functions, and any output files from any of the foregoing 
(including device programming or simulation files), and any 
associated documentation or information are expressly subject 
to the terms and conditions of the Altera Program License 
Subscription Agreement, Altera MegaCore Function License 
Agreement, or other applicable license agreement, including, 
without limitation, that your use is for the sole purpose of 
programming logic devices manufactured by Altera and sold by 
Altera or its authorized distributors.  Please refer to the 
applicable agreement for further details.



+--------------------------------------------------------------------------------------------------------------------------------------------------------------+
; Timing Analyzer Summary                                                                                                                                      ;
+------------------------------+-------+---------------+------------------------------------------------+-------+-------+------------+----------+--------------+
; Type                         ; Slack ; Required Time ; Actual Time                                    ; From  ; To    ; From Clock ; To Clock ; Failed Paths ;
+------------------------------+-------+---------------+------------------------------------------------+-------+-------+------------+----------+--------------+
; Worst-case tsu               ; N/A   ; None          ; 3.820 ns                                       ; J     ; inst7 ; --         ; S        ; 0            ;
; Worst-case tco               ; N/A   ; None          ; 4.563 ns                                       ; inst7 ; Q     ; S          ; --       ; 0            ;
; Worst-case th                ; N/A   ; None          ; -2.953 ns                                      ; K     ; inst7 ; --         ; S        ; 0            ;
; Clock Setup: 'S'             ; N/A   ; None          ; Restricted to 500.00 MHz ( period = 2.000 ns ) ; inst7 ; inst7 ; S          ; S        ; 0            ;
; Total number of failed paths ;       ;               ;                                                ;       ;       ;            ;          ; 0            ;
+------------------------------+-------+---------------+------------------------------------------------+-------+-------+------------+----------+--------------+


+--------------------------------------------------------------------------------------------------------------------+
; Timing Analyzer Settings                                                                                           ;
+---------------------------------------------------------------------+--------------------+------+----+-------------+
; Option                                                              ; Setting            ; From ; To ; Entity Name ;
+---------------------------------------------------------------------+--------------------+------+----+-------------+
; Device Name                                                         ; EP2S15F484C3       ;      ;    ;             ;
; Timing Models                                                       ; Final              ;      ;    ;             ;
; Default hold multicycle                                             ; Same as Multicycle ;      ;    ;             ;
; Cut paths between unrelated clock domains                           ; On                 ;      ;    ;             ;
; Cut off read during write signal paths                              ; On                 ;      ;    ;             ;
; Cut off feedback from I/O pins                                      ; On                 ;      ;    ;             ;
; Report Combined Fast/Slow Timing                                    ; Off                ;      ;    ;             ;
; Ignore Clock Settings                                               ; Off                ;      ;    ;             ;
; Analyze latches as synchronous elements                             ; On                 ;      ;    ;             ;
; Enable Recovery/Removal analysis                                    ; Off                ;      ;    ;             ;
; Enable Clock Latency                                                ; Off                ;      ;    ;             ;
; Use TimeQuest Timing Analyzer                                       ; Off                ;      ;    ;             ;
; Number of source nodes to report per destination node               ; 10                 ;      ;    ;             ;
; Number of destination nodes to report                               ; 10                 ;      ;    ;             ;
; Number of paths to report                                           ; 200                ;      ;    ;             ;
; Report Minimum Timing Checks                                        ; Off                ;      ;    ;             ;
; Use Fast Timing Models                                              ; Off                ;      ;    ;             ;
; Report IO Paths Separately                                          ; Off                ;      ;    ;             ;
; Perform Multicorner Analysis                                        ; On                 ;      ;    ;             ;
; Reports the worst-case path for each clock domain and analysis      ; Off                ;      ;    ;             ;
; Removes common clock path pessimism (CCPP) during slack computation ; Off                ;      ;    ;             ;
; Output I/O Timing Endpoint                                          ; Near End           ;      ;    ;             ;
+---------------------------------------------------------------------+--------------------+------+----+-------------+


+------------------------------------------------------------------------------------------------------------------------------------------------------------------------------------+
; Clock Settings Summary                                                                                                                                                             ;
+-----------------+--------------------+----------+------------------+---------------+--------------+----------+-----------------------+---------------------+--------+--------------+
; Clock Node Name ; Clock Setting Name ; Type     ; Fmax Requirement ; Early Latency ; Late Latency ; Based on ; Multiply Base Fmax by ; Divide Base Fmax by ; Offset ; Phase offset ;
+-----------------+--------------------+----------+------------------+---------------+--------------+----------+-----------------------+---------------------+--------+--------------+
; S               ;                    ; User Pin ; None             ; 0.000 ns      ; 0.000 ns     ; --       ; N/A                   ; N/A                 ; N/A    ;              ;
+-----------------+--------------------+----------+------------------+---------------+--------------+----------+-----------------------+---------------------+--------+--------------+


+------------------------------------------------------------------------------------------------------------------------------------------------------------------------------------+
; Clock Setup: 'S'                                                                                                                                                                   ;
+-------+------------------------------------------------+-------+-------+------------+----------+-----------------------------+---------------------------+-------------------------+
; Slack ; Actual fmax (period)                           ; From  ; To    ; From Clock ; To Clock ; Required Setup Relationship ; Required Longest P2P Time ; Actual Longest P2P Time ;
+-------+------------------------------------------------+-------+-------+------------+----------+-----------------------------+---------------------------+-------------------------+
; N/A   ; Restricted to 500.00 MHz ( period = 2.000 ns ) ; inst7 ; inst7 ; S          ; S        ; None                        ; None                      ; 0.396 ns                ;
+-------+------------------------------------------------+-------+-------+------------+----------+-----------------------------+---------------------------+-------------------------+


+-------------------------------------------------------------+
; tsu                                                         ;
+-------+--------------+------------+------+-------+----------+
; Slack ; Required tsu ; Actual tsu ; From ; To    ; To Clock ;
+-------+--------------+------------+------+-------+----------+
; N/A   ; None         ; 3.820 ns   ; J    ; inst7 ; S        ;
; N/A   ; None         ; 3.192 ns   ; K    ; inst7 ; S        ;
+-------+--------------+------------+------+-------+----------+


+-------------------------------------------------------------+
; tco                                                         ;
+-------+--------------+------------+-------+----+------------+
; Slack ; Required tco ; Actual tco ; From  ; To ; From Clock ;
+-------+--------------+------------+-------+----+------------+
; N/A   ; None         ; 4.563 ns   ; inst7 ; Q  ; S          ;
+-------+--------------+------------+-------+----+------------+


+-------------------------------------------------------------------+
; th                                                                ;
+---------------+-------------+-----------+------+-------+----------+
; Minimum Slack ; Required th ; Actual th ; From ; To    ; To Clock ;
+---------------+-------------+-----------+------+-------+----------+
; N/A           ; None        ; -2.953 ns ; K    ; inst7 ; S        ;
; N/A           ; None        ; -3.581 ns ; J    ; inst7 ; S        ;
+---------------+-------------+-----------+------+-------+----------+


+--------------------------+
; Timing Analyzer Messages ;
+--------------------------+
Info: *******************************************************************
Info: Running Quartus II Classic Timing Analyzer
    Info: Version 8.1 Build 163 10/28/2008 SJ Web Edition
    Info: Processing started: Tue Dec 12 10:50:22 2017
Info: Command: quartus_tan --read_settings_files=off --write_settings_files=off Block1 -c Block1 --timing_analysis_only
Warning: Found pins functioning as undefined clocks and/or memory enables
    Info: Assuming node "S" is an undefined clock
Info: Clock "S" Internal fmax is restricted to 500.0 MHz between source register "inst7" and destination register "inst7"
    Info: fmax restricted to clock pin edge rate 2.0 ns. Expand message to see actual delay path.
        Info: + Longest register to register delay is 0.396 ns
            Info: 1: + IC(0.000 ns) + CELL(0.000 ns) = 0.000 ns; Loc. = LCFF_X39_Y8_N1; Fanout = 2; REG Node = 'inst7'
            Info: 2: + IC(0.000 ns) + CELL(0.241 ns) = 0.241 ns; Loc. = LCCOMB_X39_Y8_N0; Fanout = 1; COMB Node = 'inst7~13'
            Info: 3: + IC(0.000 ns) + CELL(0.155 ns) = 0.396 ns; Loc. = LCFF_X39_Y8_N1; Fanout = 2; REG Node = 'inst7'
            Info: Total cell delay = 0.396 ns ( 100.00 % )
        Info: - Smallest clock skew is 0.000 ns
            Info: + Shortest clock path from clock "S" to destination register is 2.023 ns
                Info: 1: + IC(0.000 ns) + CELL(0.830 ns) = 0.830 ns; Loc. = PIN_R2; Fanout = 1; CLK Node = 'S'
                Info: 2: + IC(0.575 ns) + CELL(0.618 ns) = 2.023 ns; Loc. = LCFF_X39_Y8_N1; Fanout = 2; REG Node = 'inst7'
                Info: Total cell delay = 1.448 ns ( 71.58 % )
                Info: Total interconnect delay = 0.575 ns ( 28.42 % )
            Info: - Longest clock path from clock "S" to source register is 2.023 ns
                Info: 1: + IC(0.000 ns) + CELL(0.830 ns) = 0.830 ns; Loc. = PIN_R2; Fanout = 1; CLK Node = 'S'
                Info: 2: + IC(0.575 ns) + CELL(0.618 ns) = 2.023 ns; Loc. = LCFF_X39_Y8_N1; Fanout = 2; REG Node = 'inst7'
                Info: Total cell delay = 1.448 ns ( 71.58 % )
                Info: Total interconnect delay = 0.575 ns ( 28.42 % )
        Info: + Micro clock to output delay of source is 0.094 ns
        Info: + Micro setup delay of destination is 0.090 ns
Info: tsu for register "inst7" (data pin = "J", clock pin = "S") is 3.820 ns
    Info: + Longest pin to register delay is 5.753 ns
        Info: 1: + IC(0.000 ns) + CELL(0.837 ns) = 0.837 ns; Loc. = PIN_W11; Fanout = 1; PIN Node = 'J'
        Info: 2: + IC(4.489 ns) + CELL(0.272 ns) = 5.598 ns; Loc. = LCCOMB_X39_Y8_N0; Fanout = 1; COMB Node = 'inst7~13'
        Info: 3: + IC(0.000 ns) + CELL(0.155 ns) = 5.753 ns; Loc. = LCFF_X39_Y8_N1; Fanout = 2; REG Node = 'inst7'
        Info: Total cell delay = 1.264 ns ( 21.97 % )
        Info: Total interconnect delay = 4.489 ns ( 78.03 % )
    Info: + Micro setup delay of destination is 0.090 ns
    Info: - Shortest clock path from clock "S" to destination register is 2.023 ns
        Info: 1: + IC(0.000 ns) + CELL(0.830 ns) = 0.830 ns; Loc. = PIN_R2; Fanout = 1; CLK Node = 'S'
        Info: 2: + IC(0.575 ns) + CELL(0.618 ns) = 2.023 ns; Loc. = LCFF_X39_Y8_N1; Fanout = 2; REG Node = 'inst7'
        Info: Total cell delay = 1.448 ns ( 71.58 % )
        Info: Total interconnect delay = 0.575 ns ( 28.42 % )
Info: tco from clock "S" to destination pin "Q" through register "inst7" is 4.563 ns
    Info: + Longest clock path from clock "S" to source register is 2.023 ns
        Info: 1: + IC(0.000 ns) + CELL(0.830 ns) = 0.830 ns; Loc. = PIN_R2; Fanout = 1; CLK Node = 'S'
        Info: 2: + IC(0.575 ns) + CELL(0.618 ns) = 2.023 ns; Loc. = LCFF_X39_Y8_N1; Fanout = 2; REG Node = 'inst7'
        Info: Total cell delay = 1.448 ns ( 71.58 % )
        Info: Total interconnect delay = 0.575 ns ( 28.42 % )
    Info: + Micro clock to output delay of source is 0.094 ns
    Info: + Longest register to pin delay is 2.446 ns
        Info: 1: + IC(0.000 ns) + CELL(0.000 ns) = 0.000 ns; Loc. = LCFF_X39_Y8_N1; Fanout = 2; REG Node = 'inst7'
        Info: 2: + IC(0.322 ns) + CELL(2.124 ns) = 2.446 ns; Loc. = PIN_P6; Fanout = 0; PIN Node = 'Q'
        Info: Total cell delay = 2.124 ns ( 86.84 % )
        Info: Total interconnect delay = 0.322 ns ( 13.16 % )
Info: th for register "inst7" (data pin = "K", clock pin = "S") is -2.953 ns
    Info: + Longest clock path from clock "S" to destination register is 2.023 ns
        Info: 1: + IC(0.000 ns) + CELL(0.830 ns) = 0.830 ns; Loc. = PIN_R2; Fanout = 1; CLK Node = 'S'
        Info: 2: + IC(0.575 ns) + CELL(0.618 ns) = 2.023 ns; Loc. = LCFF_X39_Y8_N1; Fanout = 2; REG Node = 'inst7'
        Info: Total cell delay = 1.448 ns ( 71.58 % )
        Info: Total interconnect delay = 0.575 ns ( 28.42 % )
    Info: + Micro hold delay of destination is 0.149 ns
    Info: - Shortest pin to register delay is 5.125 ns
        Info: 1: + IC(0.000 ns) + CELL(0.864 ns) = 0.864 ns; Loc. = PIN_M2; Fanout = 1; PIN Node = 'K'
        Info: 2: + IC(4.053 ns) + CELL(0.053 ns) = 4.970 ns; Loc. = LCCOMB_X39_Y8_N0; Fanout = 1; COMB Node = 'inst7~13'
        Info: 3: + IC(0.000 ns) + CELL(0.155 ns) = 5.125 ns; Loc. = LCFF_X39_Y8_N1; Fanout = 2; REG Node = 'inst7'
        Info: Total cell delay = 1.072 ns ( 20.92 % )
        Info: Total interconnect delay = 4.053 ns ( 79.08 % )
Info: Quartus II Classic Timing Analyzer was successful. 0 errors, 1 warning
    Info: Peak virtual memory: 155 megabytes
    Info: Processing ended: Tue Dec 12 10:50:24 2017
    Info: Elapsed time: 00:00:02
    Info: Total CPU time (on all processors): 00:00:01


