Classic Timing Analyzer report for Block1
Mon Jan 29 19:05:06 2018
Quartus II Version 8.1 Build 163 10/28/2008 SJ Web Edition


---------------------
; Table of Contents ;
---------------------
  1. Legal Notice
  2. Timing Analyzer Summary
  3. Timing Analyzer Settings
  4. Clock Settings Summary
  5. Clock Setup: 'CLK'
  6. tsu
  7. tco
  8. th
  9. Timing Analyzer Messages



----------------
; Legal Notice ;
----------------
Copyright (C) 1991-2008 Altera Corporation
Your use of Altera Corporation's design tools, logic functions 
and other software and tools, and its AMPP partner logic 
functions, and any output files from any of the foregoing 
(including device programming or simulation files), and any 
associated documentation or information are expressly subject 
to the terms and conditions of the Altera Program License 
Subscription Agreement, Altera MegaCore Function License 
Agreement, or other applicable license agreement, including, 
without limitation, that your use is for the sole purpose of 
programming logic devices manufactured by Altera and sold by 
Altera or its authorized distributors.  Please refer to the 
applicable agreement for further details.



+-------------------------------------------------------------------------------------------------------------------------------------------------------------+
; Timing Analyzer Summary                                                                                                                                     ;
+------------------------------+-------+---------------+------------------------------------------------+-------+------+------------+----------+--------------+
; Type                         ; Slack ; Required Time ; Actual Time                                    ; From  ; To   ; From Clock ; To Clock ; Failed Paths ;
+------------------------------+-------+---------------+------------------------------------------------+-------+------+------------+----------+--------------+
; Worst-case tsu               ; N/A   ; None          ; 2.757 ns                                       ; VCC   ; inst ; --         ; CLK      ; 0            ;
; Worst-case tco               ; N/A   ; None          ; 5.084 ns                                       ; inst  ; Q1   ; CLK        ; --       ; 0            ;
; Worst-case th                ; N/A   ; None          ; -2.518 ns                                      ; VCC   ; inst ; --         ; CLK      ; 0            ;
; Clock Setup: 'CLK'           ; N/A   ; None          ; Restricted to 500.00 MHz ( period = 2.000 ns ) ; inst6 ; inst ; CLK        ; CLK      ; 0            ;
; Total number of failed paths ;       ;               ;                                                ;       ;      ;            ;          ; 0            ;
+------------------------------+-------+---------------+------------------------------------------------+-------+------+------------+----------+--------------+


+--------------------------------------------------------------------------------------------------------------------+
; Timing Analyzer Settings                                                                                           ;
+---------------------------------------------------------------------+--------------------+------+----+-------------+
; Option                                                              ; Setting            ; From ; To ; Entity Name ;
+---------------------------------------------------------------------+--------------------+------+----+-------------+
; Device Name                                                         ; EP2S15F484C3       ;      ;    ;             ;
; Timing Models                                                       ; Final              ;      ;    ;             ;
; Default hold multicycle                                             ; Same as Multicycle ;      ;    ;             ;
; Cut paths between unrelated clock domains                           ; On                 ;      ;    ;             ;
; Cut off read during write signal paths                              ; On                 ;      ;    ;             ;
; Cut off feedback from I/O pins                                      ; On                 ;      ;    ;             ;
; Report Combined Fast/Slow Timing                                    ; Off                ;      ;    ;             ;
; Ignore Clock Settings                                               ; Off                ;      ;    ;             ;
; Analyze latches as synchronous elements                             ; On                 ;      ;    ;             ;
; Enable Recovery/Removal analysis                                    ; Off                ;      ;    ;             ;
; Enable Clock Latency                                                ; Off                ;      ;    ;             ;
; Use TimeQuest Timing Analyzer                                       ; Off                ;      ;    ;             ;
; Number of source nodes to report per destination node               ; 10                 ;      ;    ;             ;
; Number of destination nodes to report                               ; 10                 ;      ;    ;             ;
; Number of paths to report                                           ; 200                ;      ;    ;             ;
; Report Minimum Timing Checks                                        ; Off                ;      ;    ;             ;
; Use Fast Timing Models                                              ; Off                ;      ;    ;             ;
; Report IO Paths Separately                                          ; Off                ;      ;    ;             ;
; Perform Multicorner Analysis                                        ; On                 ;      ;    ;             ;
; Reports the worst-case path for each clock domain and analysis      ; Off                ;      ;    ;             ;
; Removes common clock path pessimism (CCPP) during slack computation ; Off                ;      ;    ;             ;
; Output I/O Timing Endpoint                                          ; Near End           ;      ;    ;             ;
+---------------------------------------------------------------------+--------------------+------+----+-------------+


+------------------------------------------------------------------------------------------------------------------------------------------------------------------------------------+
; Clock Settings Summary                                                                                                                                                             ;
+-----------------+--------------------+----------+------------------+---------------+--------------+----------+-----------------------+---------------------+--------+--------------+
; Clock Node Name ; Clock Setting Name ; Type     ; Fmax Requirement ; Early Latency ; Late Latency ; Based on ; Multiply Base Fmax by ; Divide Base Fmax by ; Offset ; Phase offset ;
+-----------------+--------------------+----------+------------------+---------------+--------------+----------+-----------------------+---------------------+--------+--------------+
; CLK             ;                    ; User Pin ; None             ; 0.000 ns      ; 0.000 ns     ; --       ; N/A                   ; N/A                 ; N/A    ;              ;
+-----------------+--------------------+----------+------------------+---------------+--------------+----------+-----------------------+---------------------+--------+--------------+


+------------------------------------------------------------------------------------------------------------------------------------------------------------------------------------+
; Clock Setup: 'CLK'                                                                                                                                                                 ;
+-------+------------------------------------------------+-------+-------+------------+----------+-----------------------------+---------------------------+-------------------------+
; Slack ; Actual fmax (period)                           ; From  ; To    ; From Clock ; To Clock ; Required Setup Relationship ; Required Longest P2P Time ; Actual Longest P2P Time ;
+-------+------------------------------------------------+-------+-------+------------+----------+-----------------------------+---------------------------+-------------------------+
; N/A   ; Restricted to 500.00 MHz ( period = 2.000 ns ) ; inst6 ; inst  ; CLK        ; CLK      ; None                        ; None                      ; 0.422 ns                ;
; N/A   ; Restricted to 500.00 MHz ( period = 2.000 ns ) ; inst  ; inst6 ; CLK        ; CLK      ; None                        ; None                      ; 0.416 ns                ;
; N/A   ; Restricted to 500.00 MHz ( period = 2.000 ns ) ; inst  ; inst  ; CLK        ; CLK      ; None                        ; None                      ; 0.396 ns                ;
+-------+------------------------------------------------+-------+-------+------------+----------+-----------------------------+---------------------------+-------------------------+


+------------------------------------------------------------+
; tsu                                                        ;
+-------+--------------+------------+------+------+----------+
; Slack ; Required tsu ; Actual tsu ; From ; To   ; To Clock ;
+-------+--------------+------------+------+------+----------+
; N/A   ; None         ; 2.757 ns   ; VCC  ; inst ; CLK      ;
+-------+--------------+------------+------+------+----------+


+-------------------------------------------------------------+
; tco                                                         ;
+-------+--------------+------------+-------+----+------------+
; Slack ; Required tco ; Actual tco ; From  ; To ; From Clock ;
+-------+--------------+------------+-------+----+------------+
; N/A   ; None         ; 5.084 ns   ; inst  ; Q1 ; CLK        ;
; N/A   ; None         ; 5.044 ns   ; inst6 ; Q2 ; CLK        ;
+-------+--------------+------------+-------+----+------------+


+------------------------------------------------------------------+
; th                                                               ;
+---------------+-------------+-----------+------+------+----------+
; Minimum Slack ; Required th ; Actual th ; From ; To   ; To Clock ;
+---------------+-------------+-----------+------+------+----------+
; N/A           ; None        ; -2.518 ns ; VCC  ; inst ; CLK      ;
+---------------+-------------+-----------+------+------+----------+


+--------------------------+
; Timing Analyzer Messages ;
+--------------------------+
Info: *******************************************************************
Info: Running Quartus II Classic Timing Analyzer
    Info: Version 8.1 Build 163 10/28/2008 SJ Web Edition
    Info: Processing started: Mon Jan 29 19:05:04 2018
Info: Command: quartus_tan --read_settings_files=off --write_settings_files=off Block1 -c Block1 --timing_analysis_only
Warning: Found pins functioning as undefined clocks and/or memory enables
    Info: Assuming node "CLK" is an undefined clock
Info: Clock "CLK" Internal fmax is restricted to 500.0 MHz between source register "inst6" and destination register "inst"
    Info: fmax restricted to clock pin edge rate 2.0 ns. Expand message to see actual delay path.
        Info: + Longest register to register delay is 0.422 ns
            Info: 1: + IC(0.000 ns) + CELL(0.000 ns) = 0.000 ns; Loc. = LCFF_X18_Y2_N1; Fanout = 2; REG Node = 'inst6'
            Info: 2: + IC(0.214 ns) + CELL(0.053 ns) = 0.267 ns; Loc. = LCCOMB_X18_Y2_N4; Fanout = 1; COMB Node = 'inst~21'
            Info: 3: + IC(0.000 ns) + CELL(0.155 ns) = 0.422 ns; Loc. = LCFF_X18_Y2_N5; Fanout = 3; REG Node = 'inst'
            Info: Total cell delay = 0.208 ns ( 49.29 % )
            Info: Total interconnect delay = 0.214 ns ( 50.71 % )
        Info: - Smallest clock skew is 0.000 ns
            Info: + Shortest clock path from clock "CLK" to destination register is 2.473 ns
                Info: 1: + IC(0.000 ns) + CELL(0.854 ns) = 0.854 ns; Loc. = PIN_N20; Fanout = 1; CLK Node = 'CLK'
                Info: 2: + IC(0.343 ns) + CELL(0.000 ns) = 1.197 ns; Loc. = CLKCTRL_G3; Fanout = 2; COMB Node = 'CLK~clkctrl'
                Info: 3: + IC(0.658 ns) + CELL(0.618 ns) = 2.473 ns; Loc. = LCFF_X18_Y2_N5; Fanout = 3; REG Node = 'inst'
                Info: Total cell delay = 1.472 ns ( 59.52 % )
                Info: Total interconnect delay = 1.001 ns ( 40.48 % )
            Info: - Longest clock path from clock "CLK" to source register is 2.473 ns
                Info: 1: + IC(0.000 ns) + CELL(0.854 ns) = 0.854 ns; Loc. = PIN_N20; Fanout = 1; CLK Node = 'CLK'
                Info: 2: + IC(0.343 ns) + CELL(0.000 ns) = 1.197 ns; Loc. = CLKCTRL_G3; Fanout = 2; COMB Node = 'CLK~clkctrl'
                Info: 3: + IC(0.658 ns) + CELL(0.618 ns) = 2.473 ns; Loc. = LCFF_X18_Y2_N1; Fanout = 2; REG Node = 'inst6'
                Info: Total cell delay = 1.472 ns ( 59.52 % )
                Info: Total interconnect delay = 1.001 ns ( 40.48 % )
        Info: + Micro clock to output delay of source is 0.094 ns
        Info: + Micro setup delay of destination is 0.090 ns
Info: tsu for register "inst" (data pin = "VCC", clock pin = "CLK") is 2.757 ns
    Info: + Longest pin to register delay is 5.140 ns
        Info: 1: + IC(0.000 ns) + CELL(0.837 ns) = 0.837 ns; Loc. = PIN_W11; Fanout = 1; PIN Node = 'VCC'
        Info: 2: + IC(3.791 ns) + CELL(0.357 ns) = 4.985 ns; Loc. = LCCOMB_X18_Y2_N4; Fanout = 1; COMB Node = 'inst~21'
        Info: 3: + IC(0.000 ns) + CELL(0.155 ns) = 5.140 ns; Loc. = LCFF_X18_Y2_N5; Fanout = 3; REG Node = 'inst'
        Info: Total cell delay = 1.349 ns ( 26.25 % )
        Info: Total interconnect delay = 3.791 ns ( 73.75 % )
    Info: + Micro setup delay of destination is 0.090 ns
    Info: - Shortest clock path from clock "CLK" to destination register is 2.473 ns
        Info: 1: + IC(0.000 ns) + CELL(0.854 ns) = 0.854 ns; Loc. = PIN_N20; Fanout = 1; CLK Node = 'CLK'
        Info: 2: + IC(0.343 ns) + CELL(0.000 ns) = 1.197 ns; Loc. = CLKCTRL_G3; Fanout = 2; COMB Node = 'CLK~clkctrl'
        Info: 3: + IC(0.658 ns) + CELL(0.618 ns) = 2.473 ns; Loc. = LCFF_X18_Y2_N5; Fanout = 3; REG Node = 'inst'
        Info: Total cell delay = 1.472 ns ( 59.52 % )
        Info: Total interconnect delay = 1.001 ns ( 40.48 % )
Info: tco from clock "CLK" to destination pin "Q1" through register "inst" is 5.084 ns
    Info: + Longest clock path from clock "CLK" to source register is 2.473 ns
        Info: 1: + IC(0.000 ns) + CELL(0.854 ns) = 0.854 ns; Loc. = PIN_N20; Fanout = 1; CLK Node = 'CLK'
        Info: 2: + IC(0.343 ns) + CELL(0.000 ns) = 1.197 ns; Loc. = CLKCTRL_G3; Fanout = 2; COMB Node = 'CLK~clkctrl'
        Info: 3: + IC(0.658 ns) + CELL(0.618 ns) = 2.473 ns; Loc. = LCFF_X18_Y2_N5; Fanout = 3; REG Node = 'inst'
        Info: Total cell delay = 1.472 ns ( 59.52 % )
        Info: Total interconnect delay = 1.001 ns ( 40.48 % )
    Info: + Micro clock to output delay of source is 0.094 ns
    Info: + Longest register to pin delay is 2.517 ns
        Info: 1: + IC(0.000 ns) + CELL(0.000 ns) = 0.000 ns; Loc. = LCFF_X18_Y2_N5; Fanout = 3; REG Node = 'inst'
        Info: 2: + IC(0.519 ns) + CELL(1.998 ns) = 2.517 ns; Loc. = PIN_AA12; Fanout = 0; PIN Node = 'Q1'
        Info: Total cell delay = 1.998 ns ( 79.38 % )
        Info: Total interconnect delay = 0.519 ns ( 20.62 % )
Info: th for register "inst" (data pin = "VCC", clock pin = "CLK") is -2.518 ns
    Info: + Longest clock path from clock "CLK" to destination register is 2.473 ns
        Info: 1: + IC(0.000 ns) + CELL(0.854 ns) = 0.854 ns; Loc. = PIN_N20; Fanout = 1; CLK Node = 'CLK'
        Info: 2: + IC(0.343 ns) + CELL(0.000 ns) = 1.197 ns; Loc. = CLKCTRL_G3; Fanout = 2; COMB Node = 'CLK~clkctrl'
        Info: 3: + IC(0.658 ns) + CELL(0.618 ns) = 2.473 ns; Loc. = LCFF_X18_Y2_N5; Fanout = 3; REG Node = 'inst'
        Info: Total cell delay = 1.472 ns ( 59.52 % )
        Info: Total interconnect delay = 1.001 ns ( 40.48 % )
    Info: + Micro hold delay of destination is 0.149 ns
    Info: - Shortest pin to register delay is 5.140 ns
        Info: 1: + IC(0.000 ns) + CELL(0.837 ns) = 0.837 ns; Loc. = PIN_W11; Fanout = 1; PIN Node = 'VCC'
        Info: 2: + IC(3.791 ns) + CELL(0.357 ns) = 4.985 ns; Loc. = LCCOMB_X18_Y2_N4; Fanout = 1; COMB Node = 'inst~21'
        Info: 3: + IC(0.000 ns) + CELL(0.155 ns) = 5.140 ns; Loc. = LCFF_X18_Y2_N5; Fanout = 3; REG Node = 'inst'
        Info: Total cell delay = 1.349 ns ( 26.25 % )
        Info: Total interconnect delay = 3.791 ns ( 73.75 % )
Info: Quartus II Classic Timing Analyzer was successful. 0 errors, 1 warning
    Info: Peak virtual memory: 155 megabytes
    Info: Processing ended: Mon Jan 29 19:05:06 2018
    Info: Elapsed time: 00:00:02
    Info: Total CPU time (on all processors): 00:00:01


