Flow report for Block1
Fri Dec 08 17:31:50 2017
Quartus II Version 8.1 Build 163 10/28/2008 SJ Web Edition


---------------------
; Table of Contents ;
---------------------
  1. Legal Notice
  2. Flow Summary
  3. Flow Settings
  4. Flow Non-Default Global Settings
  5. Flow Elapsed Time
  6. Flow OS Summary
  7. Flow Log



----------------
; Legal Notice ;
----------------
Copyright (C) 1991-2008 Altera Corporation
Your use of Altera Corporation's design tools, logic functions 
and other software and tools, and its AMPP partner logic 
functions, and any output files from any of the foregoing 
(including device programming or simulation files), and any 
associated documentation or information are expressly subject 
to the terms and conditions of the Altera Program License 
Subscription Agreement, Altera MegaCore Function License 
Agreement, or other applicable license agreement, including, 
without limitation, that your use is for the sole purpose of 
programming logic devices manufactured by Altera and sold by 
Altera or its authorized distributors.  Please refer to the 
applicable agreement for further details.



+-------------------------------------------------------------------------+
; Flow Summary                                                            ;
+-------------------------------+-----------------------------------------+
; Flow Status                   ; Successful - Fri Dec 08 17:31:50 2017   ;
; Quartus II Version            ; 8.1 Build 163 10/28/2008 SJ Web Edition ;
; Revision Name                 ; Block1                                  ;
; Top-level Entity Name         ; Block1                                  ;
; Family                        ; Stratix II                              ;
; Met timing requirements       ; Yes                                     ;
; Logic utilization             ; < 1 %                                   ;
;     Combinational ALUTs       ; 1 / 12,480 ( < 1 % )                    ;
;     Dedicated logic registers ; 0 / 12,480 ( 0 % )                      ;
; Total registers               ; 0                                       ;
; Total pins                    ; 5 / 343 ( 1 % )                         ;
; Total virtual pins            ; 0                                       ;
; Total block memory bits       ; 0 / 419,328 ( 0 % )                     ;
; DSP block 9-bit elements      ; 0 / 96 ( 0 % )                          ;
; Total PLLs                    ; 0 / 6 ( 0 % )                           ;
; Total DLLs                    ; 0 / 2 ( 0 % )                           ;
; Device                        ; EP2S15F484C3                            ;
; Timing Models                 ; Final                                   ;
+-------------------------------+-----------------------------------------+


+-----------------------------------------+
; Flow Settings                           ;
+-------------------+---------------------+
; Option            ; Setting             ;
+-------------------+---------------------+
; Start date & time ; 12/08/2017 17:31:33 ;
; Main task         ; Compilation         ;
; Revision Name     ; Block1              ;
+-------------------+---------------------+


+---------------------------------------------------------------------------------------------------------------------------------------------+
; Flow Non-Default Global Settings                                                                                                            ;
+------------------------------------+---------------------------------------------------+---------------+-------------+----------------------+
; Assignment Name                    ; Value                                             ; Default Value ; Entity Name ; Section Id           ;
+------------------------------------+---------------------------------------------------+---------------+-------------+----------------------+
; COMPILER_SIGNATURE_ID              ; 52239251561.151272189300924                       ; --            ; --          ; --                   ;
; EDA_DESIGN_ENTRY_SYNTHESIS_TOOL    ; Custom                                            ; <None>        ; --          ; --                   ;
; EDA_INPUT_DATA_FORMAT              ; Vhdl                                              ; --            ; --          ; eda_design_synthesis ;
; EDA_NETLIST_WRITER_OUTPUT_DIR      ; simulation/custom                                 ; --            ; --          ; eda_simulation       ;
; EDA_NETLIST_WRITER_OUTPUT_DIR      ; timing/custom                                     ; --            ; --          ; eda_timing_analysis  ;
; EDA_OUTPUT_DATA_FORMAT             ; Vhdl                                              ; --            ; --          ; eda_simulation       ;
; EDA_OUTPUT_DATA_FORMAT             ; Vhdl                                              ; --            ; --          ; eda_timing_analysis  ;
; EDA_SIMULATION_TOOL                ; Custom VHDL                                       ; <None>        ; --          ; --                   ;
; EDA_TIMING_ANALYSIS_TOOL           ; Custom VHDL                                       ; <None>        ; --          ; --                   ;
; MISC_FILE                          ; \\vmware-host\Shared Folders\home\VHDL\Block1.dpf ; --            ; --          ; --                   ;
; PARTITION_COLOR                    ; 16764057                                          ; --            ; --          ; Top                  ;
; PARTITION_NETLIST_TYPE             ; SOURCE                                            ; --            ; --          ; Top                  ;
; USE_GENERATED_PHYSICAL_CONSTRAINTS ; Off                                               ; --            ; --          ; eda_blast_fpga       ;
+------------------------------------+---------------------------------------------------+---------------+-------------+----------------------+


+-----------------------------------------------------------------------------------------------------------------------------+
; Flow Elapsed Time                                                                                                           ;
+-------------------------+--------------+-------------------------+---------------------+------------------------------------+
; Module Name             ; Elapsed Time ; Average Processors Used ; Peak Virtual Memory ; Total CPU Time (on all processors) ;
+-------------------------+--------------+-------------------------+---------------------+------------------------------------+
; Analysis & Synthesis    ; 00:00:02     ; 1.0                     ; 189 MB              ; 00:00:02                           ;
; Fitter                  ; 00:00:04     ; 1.0                     ; 229 MB              ; 00:00:04                           ;
; Assembler               ; 00:00:03     ; 1.0                     ; 207 MB              ; 00:00:02                           ;
; Classic Timing Analyzer ; 00:00:02     ; 1.0                     ; 141 MB              ; 00:00:01                           ;
; EDA Netlist Writer      ; 00:00:02     ; 1.0                     ; 144 MB              ; 00:00:01                           ;
; Total                   ; 00:00:13     ; --                      ; --                  ; 00:00:10                           ;
+-------------------------+--------------+-------------------------+---------------------+------------------------------------+


+------------------------------------------------------------------------------------------+
; Flow OS Summary                                                                          ;
+-------------------------+------------------+---------------+------------+----------------+
; Module Name             ; Machine Hostname ; OS Name       ; OS Version ; Processor type ;
+-------------------------+------------------+---------------+------------+----------------+
; Analysis & Synthesis    ; WIN-6I37TPSLTCN  ; Windows Vista ; 6.1        ; i686           ;
; Fitter                  ; WIN-6I37TPSLTCN  ; Windows Vista ; 6.1        ; i686           ;
; Assembler               ; WIN-6I37TPSLTCN  ; Windows Vista ; 6.1        ; i686           ;
; Classic Timing Analyzer ; WIN-6I37TPSLTCN  ; Windows Vista ; 6.1        ; i686           ;
; EDA Netlist Writer      ; WIN-6I37TPSLTCN  ; Windows Vista ; 6.1        ; i686           ;
+-------------------------+------------------+---------------+------------+----------------+


------------
; Flow Log ;
------------
quartus_map --read_settings_files=on --write_settings_files=off Block1 -c Block1
quartus_fit --read_settings_files=off --write_settings_files=off Block1 -c Block1
quartus_asm --read_settings_files=off --write_settings_files=off Block1 -c Block1
quartus_tan --read_settings_files=off --write_settings_files=off Block1 -c Block1 --timing_analysis_only
quartus_eda --read_settings_files=off --write_settings_files=off Block1 -c Block1



