EDA Netlist Writer report for Block1
Fri Dec 08 17:27:14 2017
Quartus II Version 8.1 Build 163 10/28/2008 SJ Web Edition


---------------------
; Table of Contents ;
---------------------
  1. Legal Notice
  2. EDA Netlist Writer Summary
  3. Simulation Settings
  4. Simulation Generated Files
  5. Timing Analysis Settings
  6. Timing Analysis Generated Files
  7. EDA Netlist Writer Messages



----------------
; Legal Notice ;
----------------
Copyright (C) 1991-2008 Altera Corporation
Your use of Altera Corporation's design tools, logic functions 
and other software and tools, and its AMPP partner logic 
functions, and any output files from any of the foregoing 
(including device programming or simulation files), and any 
associated documentation or information are expressly subject 
to the terms and conditions of the Altera Program License 
Subscription Agreement, Altera MegaCore Function License 
Agreement, or other applicable license agreement, including, 
without limitation, that your use is for the sole purpose of 
programming logic devices manufactured by Altera and sold by 
Altera or its authorized distributors.  Please refer to the 
applicable agreement for further details.



+------------------------------------------------------------------------+
; EDA Netlist Writer Summary                                             ;
+--------------------------------+---------------------------------------+
; EDA Netlist Writer Status      ; Successful - Fri Dec 08 17:27:14 2017 ;
; Revision Name                  ; Block1                                ;
; Top-level Entity Name          ; Block1                                ;
; Family                         ; Stratix II                            ;
; Simulation Files Creation      ; Successful                            ;
; Timing Analysis Files Creation ; Successful                            ;
+--------------------------------+---------------------------------------+


+----------------------------------------------------------------------------------------------------------+
; Simulation Settings                                                                                      ;
+--------------------------------------------------------------------------------------------+-------------+
; Option                                                                                     ; Setting     ;
+--------------------------------------------------------------------------------------------+-------------+
; Tool Name                                                                                  ; Custom VHDL ;
; Generate netlist for functional simulation only                                            ; Off         ;
; Time scale                                                                                 ; 1 ps        ;
; Truncate long hierarchy paths                                                              ; Off         ;
; Map illegal HDL characters                                                                 ; Off         ;
; Flatten buses into individual nodes                                                        ; Off         ;
; Maintain hierarchy                                                                         ; Off         ;
; Bring out device-wide set/reset signals as ports                                           ; Off         ;
; Enable glitch filtering                                                                    ; Off         ;
; Do not write top level VHDL entity                                                         ; Off         ;
; Disable setup and hold time violations detection in input registers of bi-directional pins ; Off         ;
; Architecture name in VHDL output netlist                                                   ; structure   ;
+--------------------------------------------------------------------------------------------+-------------+


+----------------------------------------------------------------------------------+
; Simulation Generated Files                                                       ;
+----------------------------------------------------------------------------------+
; Generated Files                                                                  ;
+----------------------------------------------------------------------------------+
; //vmware-host/Shared Folders/home/jikken/multip/simulation/custom/Block1.vho     ;
; //vmware-host/Shared Folders/home/jikken/multip/simulation/custom/Block1_vhd.sdo ;
+----------------------------------------------------------------------------------+


+---------------------------------------------------+
; Timing Analysis Settings                          ;
+-------------------------------------+-------------+
; Option                              ; Setting     ;
+-------------------------------------+-------------+
; Tool Name                           ; Custom VHDL ;
; Time scale                          ; 1 ps        ;
; Truncate long hierarchy paths       ; Off         ;
; Map illegal HDL characters          ; Off         ;
; Flatten buses into individual nodes ; Off         ;
+-------------------------------------+-------------+


+------------------------------------------------------------------------------+
; Timing Analysis Generated Files                                              ;
+------------------------------------------------------------------------------+
; Generated Files                                                              ;
+------------------------------------------------------------------------------+
; //vmware-host/Shared Folders/home/jikken/multip/timing/custom/Block1.vho     ;
; //vmware-host/Shared Folders/home/jikken/multip/timing/custom/Block1_vhd.sdo ;
+------------------------------------------------------------------------------+


+-----------------------------+
; EDA Netlist Writer Messages ;
+-----------------------------+
Info: *******************************************************************
Info: Running Quartus II EDA Netlist Writer
    Info: Version 8.1 Build 163 10/28/2008 SJ Web Edition
    Info: Processing started: Fri Dec 08 17:27:12 2017
Info: Command: quartus_eda --read_settings_files=off --write_settings_files=off Block1 -c Block1
Info: Generated files "Block1.vho" and "Block1_vhd.sdo" in directory "//vmware-host/Shared Folders/home/jikken/multip/simulation/custom/" for EDA simulation tool
Info: Generated files "Block1.vho" and "Block1_vhd.sdo" in directory "//vmware-host/Shared Folders/home/jikken/multip/timing/custom/" for EDA timing analysis tool
Info: Quartus II EDA Netlist Writer was successful. 0 errors, 0 warnings
    Info: Peak virtual memory: 150 megabytes
    Info: Processing ended: Fri Dec 08 17:27:14 2017
    Info: Elapsed time: 00:00:02
    Info: Total CPU time (on all processors): 00:00:01


